[debug] [2023-09-26T22:54:03.438Z] ----------------------------------------------------------------------
[debug] [2023-09-26T22:54:03.440Z] Command:       /home/hubertyhyu/.nvm/versions/node/v16.14.2/bin/node /home/hubertyhyu/.nvm/versions/node/v16.14.2/bin/firebase deploy
[debug] [2023-09-26T22:54:03.441Z] CLI Version:   12.5.4
[debug] [2023-09-26T22:54:03.441Z] Platform:      linux
[debug] [2023-09-26T22:54:03.441Z] Node Version:  v16.14.2
[debug] [2023-09-26T22:54:03.442Z] Time:          Tue Sep 26 2023 18:54:03 GMT-0400 (Eastern Daylight Saving Time)
[debug] [2023-09-26T22:54:03.442Z] ----------------------------------------------------------------------
[debug] 
[debug] [2023-09-26T22:54:03.515Z] Object "" in "firebase.json" has unknown property: {"additionalProperty":"//firestore"}
[debug] [2023-09-26T22:54:03.519Z] > command requires scopes: ["email","openid","https://www.googleapis.com/auth/cloudplatformprojects.readonly","https://www.googleapis.com/auth/firebase","https://www.googleapis.com/auth/cloud-platform"]
[debug] [2023-09-26T22:54:03.520Z] > authorizing via signed-in user (hunt.yuyh@gmail.com)
[debug] [2023-09-26T22:54:03.520Z] [iam] checking project hubert-blog for permissions ["firebase.projects.get","firebasehosting.sites.update"]
[debug] [2023-09-26T22:54:03.522Z] >>> [apiv2][query] POST https://cloudresourcemanager.googleapis.com/v1/projects/hubert-blog:testIamPermissions [none]
[debug] [2023-09-26T22:54:03.522Z] >>> [apiv2][(partial)header] POST https://cloudresourcemanager.googleapis.com/v1/projects/hubert-blog:testIamPermissions x-goog-quota-user=projects/hubert-blog
[debug] [2023-09-26T22:54:03.522Z] >>> [apiv2][body] POST https://cloudresourcemanager.googleapis.com/v1/projects/hubert-blog:testIamPermissions {"permissions":["firebase.projects.get","firebasehosting.sites.update"]}
[debug] [2023-09-26T22:54:04.101Z] <<< [apiv2][status] POST https://cloudresourcemanager.googleapis.com/v1/projects/hubert-blog:testIamPermissions 200
[debug] [2023-09-26T22:54:04.101Z] <<< [apiv2][body] POST https://cloudresourcemanager.googleapis.com/v1/projects/hubert-blog:testIamPermissions {"permissions":["firebase.projects.get","firebasehosting.sites.update"]}
[debug] [2023-09-26T22:54:04.102Z] >>> [apiv2][query] GET https://firebase.googleapis.com/v1beta1/projects/hubert-blog [none]
[debug] [2023-09-26T22:54:04.494Z] <<< [apiv2][status] GET https://firebase.googleapis.com/v1beta1/projects/hubert-blog 200
[debug] [2023-09-26T22:54:04.494Z] <<< [apiv2][body] GET https://firebase.googleapis.com/v1beta1/projects/hubert-blog {"projectId":"hubert-blog","projectNumber":"484657131599","displayName":"hubert-blog","name":"projects/hubert-blog","resources":{"hostingSite":"hubert-blog","storageBucket":"hubert-blog.appspot.com","locationId":"us-central"},"state":"ACTIVE","etag":"1_69589344-ca03-4e79-8166-d40b2e60f008"}
[info] 
[info] === Deploying to 'hubert-blog'...
[info] 
[info] i  deploying hosting 
[debug] [2023-09-26T22:54:04.499Z] >>> [apiv2][query] POST https://firebasehosting.googleapis.com/v1beta1/projects/-/sites/hubert-blog/versions [none]
[debug] [2023-09-26T22:54:04.499Z] >>> [apiv2][body] POST https://firebasehosting.googleapis.com/v1beta1/projects/-/sites/hubert-blog/versions {"status":"CREATED","labels":{"deployment-tool":"cli-firebase"}}
[debug] [2023-09-26T22:54:05.718Z] <<< [apiv2][status] POST https://firebasehosting.googleapis.com/v1beta1/projects/-/sites/hubert-blog/versions 200
[debug] [2023-09-26T22:54:05.718Z] <<< [apiv2][body] POST https://firebasehosting.googleapis.com/v1beta1/projects/-/sites/hubert-blog/versions {"name":"projects/484657131599/sites/hubert-blog/versions/cda271867d127275","status":"CREATED","config":{},"labels":{"deployment-tool":"cli-firebase"}}
[info] i  hosting[hubert-blog]: beginning deploy... 
[info] i  hosting[hubert-blog]: found 19 files in dist/frontend 
[debug] [2023-09-26T22:54:14.664Z] [hosting] uploading with 200 concurrency
[debug] [2023-09-26T22:54:14.785Z] [hosting] hash cache [ZGlzdC9mcm9udGVuZA] stored for 19 files
[debug] [2023-09-26T22:54:14.785Z] [hosting][hash queue][FINAL] {"max":114,"min":19,"avg":25.842105263157894,"active":0,"complete":19,"success":19,"errored":0,"retried":0,"total":19,"elapsed":118}
[debug] [2023-09-26T22:54:14.786Z] >>> [apiv2][query] POST https://firebasehosting.googleapis.com/v1beta1/projects/484657131599/sites/hubert-blog/versions/cda271867d127275:populateFiles [none]
[debug] [2023-09-26T22:54:14.786Z] >>> [apiv2][body] POST https://firebasehosting.googleapis.com/v1beta1/projects/484657131599/sites/hubert-blog/versions/cda271867d127275:populateFiles {"files":{"/26.5bffc442b967cef1.js":"b48f43760f4348f84463220d8f742ff6b2c744cb3f9026b4f4e41a09ea73cdc0","/394.9519fcd7a69f48ae.js":"51925226874d49c6c81a7a7377caa94aa79463c6c15215101d584bd14dbb118e","/441.7954432b74eca505.js":"096ab8dde05ee5a53cd1980a8ed5e9a81843b97d2cf597fbdabde7663842ff8e","/529.8e1f4c824e68dd06.js":"f71734900bfca45b94266188e0ff4ef11535ec18585d7d99622c6230c5092b97","/3rdpartylicenses.txt":"900394e078ee98e686543dc7bd2fc180722f278aa788a5c58645f71e57479e79","/883.e024ac472578629d.js":"e861d97659958d76aeaf3a9b791813bfd0c53dfd1a174f8b7cefce4f86069de1","/391.ef3eb3c5829d6b9a.js":"27fbaa600afbfd10e8cfe506504ab030065a06658602f1b2257e93f7a2c56247","/892.578109246c7cbd8e.js":"4b6ec61dc841464abfcddeeea3156787659315e2de678b754577a1ce5a83cbb1","/favicon.ico":"7ebd5852e2f04a8a559139b5d5824a5d94e933a554e9544c39632b9482576140","/587.9abd906bd9898c0a.js":"00600431ade72132a9c19cf5d3266f793e4c4eafd176262dbca756aca94ac812","/common.e16e21d0d44b80a3.js":"698373d7e99fdd4f81fb0edced4cb6496559cc163570bb1a4a1feb04db8d03f3","/983.1985d8d4fd0bfbc4.js":"d12a3a66e2680cabf4a668ff67de63a413adcdd8c04a6d071967665704ef80e2","/index.html":"158124a2c729358582bc23b7accdc23b188e65937b38cc8b65618290d62cd7a0","/800.0a5b0a1da7d9c46b.js":"5228efca6ca5f5de07e2011cbabc5e1cdd37d80e3bdea5f5daba6aa3880101be","/runtime.dbd780a9f369d5e3.js":"8e47d4624637946835d6ba199f4c27c81d6b25806ba7b98d761773fe05a7e8d2","/polyfills.3d9d026e4a996014.js":"8604b26526c907d61d4b45cb7ef004c1b3b0c41761ccf8357b98d9774e034c05","/styles.bec9f03ace05b24e.css":"ab048a66d8fac0556c8d15934c21c973399c6d36cf79cbaeac16b190b9f8c6dd","/quill.98b46a74e9abd46b.js":"37c9a77d69a2ef78a2cd24d9d93d4a65d932fe337064399b688a29613eca2542","/main.aa8375f5dec86e6a.js":"0ddc63dd582e0b3a6bbd4fe6b4d775643919ea6924666400ec06117df8e678f1"}}
[debug] [2023-09-26T22:54:20.285Z] <<< [apiv2][status] POST https://firebasehosting.googleapis.com/v1beta1/projects/484657131599/sites/hubert-blog/versions/cda271867d127275:populateFiles 200
[debug] [2023-09-26T22:54:20.285Z] <<< [apiv2][body] POST https://firebasehosting.googleapis.com/v1beta1/projects/484657131599/sites/hubert-blog/versions/cda271867d127275:populateFiles {"uploadRequiredHashes":["5228efca6ca5f5de07e2011cbabc5e1cdd37d80e3bdea5f5daba6aa3880101be","00600431ade72132a9c19cf5d3266f793e4c4eafd176262dbca756aca94ac812","b48f43760f4348f84463220d8f742ff6b2c744cb3f9026b4f4e41a09ea73cdc0","37c9a77d69a2ef78a2cd24d9d93d4a65d932fe337064399b688a29613eca2542","51925226874d49c6c81a7a7377caa94aa79463c6c15215101d584bd14dbb118e","900394e078ee98e686543dc7bd2fc180722f278aa788a5c58645f71e57479e79","d12a3a66e2680cabf4a668ff67de63a413adcdd8c04a6d071967665704ef80e2","8e47d4624637946835d6ba199f4c27c81d6b25806ba7b98d761773fe05a7e8d2","096ab8dde05ee5a53cd1980a8ed5e9a81843b97d2cf597fbdabde7663842ff8e","ab048a66d8fac0556c8d15934c21c973399c6d36cf79cbaeac16b190b9f8c6dd","158124a2c729358582bc23b7accdc23b188e65937b38cc8b65618290d62cd7a0","698373d7e99fdd4f81fb0edced4cb6496559cc163570bb1a4a1feb04db8d03f3","4b6ec61dc841464abfcddeeea3156787659315e2de678b754577a1ce5a83cbb1","e861d97659958d76aeaf3a9b791813bfd0c53dfd1a174f8b7cefce4f86069de1","0ddc63dd582e0b3a6bbd4fe6b4d775643919ea6924666400ec06117df8e678f1","f71734900bfca45b94266188e0ff4ef11535ec18585d7d99622c6230c5092b97"],"uploadUrl":"https://upload-firebasehosting.googleapis.com/upload/sites/hubert-blog/versions/cda271867d127275/files"}
[debug] [2023-09-26T22:54:20.288Z] >>> [apiv2][query] POST https://upload-firebasehosting.googleapis.com/upload/sites/hubert-blog/versions/cda271867d127275/files/5228efca6ca5f5de07e2011cbabc5e1cdd37d80e3bdea5f5daba6aa3880101be [none]
[debug] [2023-09-26T22:54:20.288Z] >>> [apiv2][body] POST https://upload-firebasehosting.googleapis.com/upload/sites/hubert-blog/versions/cda271867d127275/files/5228efca6ca5f5de07e2011cbabc5e1cdd37d80e3bdea5f5daba6aa3880101be [stream]
[debug] [2023-09-26T22:54:20.289Z] >>> [apiv2][query] POST https://upload-firebasehosting.googleapis.com/upload/sites/hubert-blog/versions/cda271867d127275/files/00600431ade72132a9c19cf5d3266f793e4c4eafd176262dbca756aca94ac812 [none]
[debug] [2023-09-26T22:54:20.290Z] >>> [apiv2][body] POST https://upload-firebasehosting.googleapis.com/upload/sites/hubert-blog/versions/cda271867d127275/files/00600431ade72132a9c19cf5d3266f793e4c4eafd176262dbca756aca94ac812 [stream]
[debug] [2023-09-26T22:54:20.291Z] >>> [apiv2][query] POST https://upload-firebasehosting.googleapis.com/upload/sites/hubert-blog/versions/cda271867d127275/files/b48f43760f4348f84463220d8f742ff6b2c744cb3f9026b4f4e41a09ea73cdc0 [none]
[debug] [2023-09-26T22:54:20.291Z] >>> [apiv2][body] POST https://upload-firebasehosting.googleapis.com/upload/sites/hubert-blog/versions/cda271867d127275/files/b48f43760f4348f84463220d8f742ff6b2c744cb3f9026b4f4e41a09ea73cdc0 [stream]
[debug] [2023-09-26T22:54:20.292Z] >>> [apiv2][query] POST https://upload-firebasehosting.googleapis.com/upload/sites/hubert-blog/versions/cda271867d127275/files/37c9a77d69a2ef78a2cd24d9d93d4a65d932fe337064399b688a29613eca2542 [none]
[debug] [2023-09-26T22:54:20.292Z] >>> [apiv2][body] POST https://upload-firebasehosting.googleapis.com/upload/sites/hubert-blog/versions/cda271867d127275/files/37c9a77d69a2ef78a2cd24d9d93d4a65d932fe337064399b688a29613eca2542 [stream]
[debug] [2023-09-26T22:54:20.293Z] >>> [apiv2][query] POST https://upload-firebasehosting.googleapis.com/upload/sites/hubert-blog/versions/cda271867d127275/files/51925226874d49c6c81a7a7377caa94aa79463c6c15215101d584bd14dbb118e [none]
[debug] [2023-09-26T22:54:20.293Z] >>> [apiv2][body] POST https://upload-firebasehosting.googleapis.com/upload/sites/hubert-blog/versions/cda271867d127275/files/51925226874d49c6c81a7a7377caa94aa79463c6c15215101d584bd14dbb118e [stream]
[debug] [2023-09-26T22:54:20.294Z] >>> [apiv2][query] POST https://upload-firebasehosting.googleapis.com/upload/sites/hubert-blog/versions/cda271867d127275/files/900394e078ee98e686543dc7bd2fc180722f278aa788a5c58645f71e57479e79 [none]
[debug] [2023-09-26T22:54:20.294Z] >>> [apiv2][body] POST https://upload-firebasehosting.googleapis.com/upload/sites/hubert-blog/versions/cda271867d127275/files/900394e078ee98e686543dc7bd2fc180722f278aa788a5c58645f71e57479e79 [stream]
[debug] [2023-09-26T22:54:20.295Z] >>> [apiv2][query] POST https://upload-firebasehosting.googleapis.com/upload/sites/hubert-blog/versions/cda271867d127275/files/d12a3a66e2680cabf4a668ff67de63a413adcdd8c04a6d071967665704ef80e2 [none]
[debug] [2023-09-26T22:54:20.295Z] >>> [apiv2][body] POST https://upload-firebasehosting.googleapis.com/upload/sites/hubert-blog/versions/cda271867d127275/files/d12a3a66e2680cabf4a668ff67de63a413adcdd8c04a6d071967665704ef80e2 [stream]
[debug] [2023-09-26T22:54:20.296Z] >>> [apiv2][query] POST https://upload-firebasehosting.googleapis.com/upload/sites/hubert-blog/versions/cda271867d127275/files/8e47d4624637946835d6ba199f4c27c81d6b25806ba7b98d761773fe05a7e8d2 [none]
[debug] [2023-09-26T22:54:20.296Z] >>> [apiv2][body] POST https://upload-firebasehosting.googleapis.com/upload/sites/hubert-blog/versions/cda271867d127275/files/8e47d4624637946835d6ba199f4c27c81d6b25806ba7b98d761773fe05a7e8d2 [stream]
[debug] [2023-09-26T22:54:20.297Z] >>> [apiv2][query] POST https://upload-firebasehosting.googleapis.com/upload/sites/hubert-blog/versions/cda271867d127275/files/096ab8dde05ee5a53cd1980a8ed5e9a81843b97d2cf597fbdabde7663842ff8e [none]
[debug] [2023-09-26T22:54:20.297Z] >>> [apiv2][body] POST https://upload-firebasehosting.googleapis.com/upload/sites/hubert-blog/versions/cda271867d127275/files/096ab8dde05ee5a53cd1980a8ed5e9a81843b97d2cf597fbdabde7663842ff8e [stream]
[debug] [2023-09-26T22:54:20.298Z] >>> [apiv2][query] POST https://upload-firebasehosting.googleapis.com/upload/sites/hubert-blog/versions/cda271867d127275/files/ab048a66d8fac0556c8d15934c21c973399c6d36cf79cbaeac16b190b9f8c6dd [none]
[debug] [2023-09-26T22:54:20.298Z] >>> [apiv2][body] POST https://upload-firebasehosting.googleapis.com/upload/sites/hubert-blog/versions/cda271867d127275/files/ab048a66d8fac0556c8d15934c21c973399c6d36cf79cbaeac16b190b9f8c6dd [stream]
[debug] [2023-09-26T22:54:20.298Z] >>> [apiv2][query] POST https://upload-firebasehosting.googleapis.com/upload/sites/hubert-blog/versions/cda271867d127275/files/158124a2c729358582bc23b7accdc23b188e65937b38cc8b65618290d62cd7a0 [none]
[debug] [2023-09-26T22:54:20.298Z] >>> [apiv2][body] POST https://upload-firebasehosting.googleapis.com/upload/sites/hubert-blog/versions/cda271867d127275/files/158124a2c729358582bc23b7accdc23b188e65937b38cc8b65618290d62cd7a0 [stream]
[debug] [2023-09-26T22:54:20.300Z] >>> [apiv2][query] POST https://upload-firebasehosting.googleapis.com/upload/sites/hubert-blog/versions/cda271867d127275/files/698373d7e99fdd4f81fb0edced4cb6496559cc163570bb1a4a1feb04db8d03f3 [none]
[debug] [2023-09-26T22:54:20.300Z] >>> [apiv2][body] POST https://upload-firebasehosting.googleapis.com/upload/sites/hubert-blog/versions/cda271867d127275/files/698373d7e99fdd4f81fb0edced4cb6496559cc163570bb1a4a1feb04db8d03f3 [stream]
[debug] [2023-09-26T22:54:20.303Z] >>> [apiv2][query] POST https://upload-firebasehosting.googleapis.com/upload/sites/hubert-blog/versions/cda271867d127275/files/4b6ec61dc841464abfcddeeea3156787659315e2de678b754577a1ce5a83cbb1 [none]
[debug] [2023-09-26T22:54:20.303Z] >>> [apiv2][body] POST https://upload-firebasehosting.googleapis.com/upload/sites/hubert-blog/versions/cda271867d127275/files/4b6ec61dc841464abfcddeeea3156787659315e2de678b754577a1ce5a83cbb1 [stream]
[debug] [2023-09-26T22:54:20.304Z] >>> [apiv2][query] POST https://upload-firebasehosting.googleapis.com/upload/sites/hubert-blog/versions/cda271867d127275/files/e861d97659958d76aeaf3a9b791813bfd0c53dfd1a174f8b7cefce4f86069de1 [none]
[debug] [2023-09-26T22:54:20.304Z] >>> [apiv2][body] POST https://upload-firebasehosting.googleapis.com/upload/sites/hubert-blog/versions/cda271867d127275/files/e861d97659958d76aeaf3a9b791813bfd0c53dfd1a174f8b7cefce4f86069de1 [stream]
[debug] [2023-09-26T22:54:20.305Z] >>> [apiv2][query] POST https://upload-firebasehosting.googleapis.com/upload/sites/hubert-blog/versions/cda271867d127275/files/0ddc63dd582e0b3a6bbd4fe6b4d775643919ea6924666400ec06117df8e678f1 [none]
[debug] [2023-09-26T22:54:20.305Z] >>> [apiv2][body] POST https://upload-firebasehosting.googleapis.com/upload/sites/hubert-blog/versions/cda271867d127275/files/0ddc63dd582e0b3a6bbd4fe6b4d775643919ea6924666400ec06117df8e678f1 [stream]
[debug] [2023-09-26T22:54:20.306Z] >>> [apiv2][query] POST https://upload-firebasehosting.googleapis.com/upload/sites/hubert-blog/versions/cda271867d127275/files/f71734900bfca45b94266188e0ff4ef11535ec18585d7d99622c6230c5092b97 [none]
[debug] [2023-09-26T22:54:20.306Z] >>> [apiv2][body] POST https://upload-firebasehosting.googleapis.com/upload/sites/hubert-blog/versions/cda271867d127275/files/f71734900bfca45b94266188e0ff4ef11535ec18585d7d99622c6230c5092b97 [stream]
[debug] [2023-09-26T22:54:20.307Z] [hosting][populate queue][FINAL] {"max":5504,"min":5504,"avg":5504,"active":0,"complete":1,"success":1,"errored":0,"retried":0,"total":1,"elapsed":5523}
[debug] [2023-09-26T22:54:20.307Z] [hosting] uploads queued: 16
[debug] [2023-09-26T22:54:21.281Z] <<< [apiv2][status] POST https://upload-firebasehosting.googleapis.com/upload/sites/hubert-blog/versions/cda271867d127275/files/5228efca6ca5f5de07e2011cbabc5e1cdd37d80e3bdea5f5daba6aa3880101be 200
[debug] [2023-09-26T22:54:21.282Z] <<< [apiv2][body] POST https://upload-firebasehosting.googleapis.com/upload/sites/hubert-blog/versions/cda271867d127275/files/5228efca6ca5f5de07e2011cbabc5e1cdd37d80e3bdea5f5daba6aa3880101be [stream]
[debug] [2023-09-26T22:54:21.283Z] <<< [apiv2][status] POST https://upload-firebasehosting.googleapis.com/upload/sites/hubert-blog/versions/cda271867d127275/files/8e47d4624637946835d6ba199f4c27c81d6b25806ba7b98d761773fe05a7e8d2 200
[debug] [2023-09-26T22:54:21.283Z] <<< [apiv2][body] POST https://upload-firebasehosting.googleapis.com/upload/sites/hubert-blog/versions/cda271867d127275/files/8e47d4624637946835d6ba199f4c27c81d6b25806ba7b98d761773fe05a7e8d2 [stream]
[debug] [2023-09-26T22:54:21.284Z] <<< [apiv2][status] POST https://upload-firebasehosting.googleapis.com/upload/sites/hubert-blog/versions/cda271867d127275/files/00600431ade72132a9c19cf5d3266f793e4c4eafd176262dbca756aca94ac812 200
[debug] [2023-09-26T22:54:21.284Z] <<< [apiv2][body] POST https://upload-firebasehosting.googleapis.com/upload/sites/hubert-blog/versions/cda271867d127275/files/00600431ade72132a9c19cf5d3266f793e4c4eafd176262dbca756aca94ac812 [stream]
[debug] [2023-09-26T22:54:21.285Z] <<< [apiv2][status] POST https://upload-firebasehosting.googleapis.com/upload/sites/hubert-blog/versions/cda271867d127275/files/f71734900bfca45b94266188e0ff4ef11535ec18585d7d99622c6230c5092b97 200
[debug] [2023-09-26T22:54:21.285Z] <<< [apiv2][body] POST https://upload-firebasehosting.googleapis.com/upload/sites/hubert-blog/versions/cda271867d127275/files/f71734900bfca45b94266188e0ff4ef11535ec18585d7d99622c6230c5092b97 [stream]
[debug] [2023-09-26T22:54:21.285Z] <<< [apiv2][status] POST https://upload-firebasehosting.googleapis.com/upload/sites/hubert-blog/versions/cda271867d127275/files/51925226874d49c6c81a7a7377caa94aa79463c6c15215101d584bd14dbb118e 200
[debug] [2023-09-26T22:54:21.285Z] <<< [apiv2][body] POST https://upload-firebasehosting.googleapis.com/upload/sites/hubert-blog/versions/cda271867d127275/files/51925226874d49c6c81a7a7377caa94aa79463c6c15215101d584bd14dbb118e [stream]
[debug] [2023-09-26T22:54:21.286Z] <<< [apiv2][status] POST https://upload-firebasehosting.googleapis.com/upload/sites/hubert-blog/versions/cda271867d127275/files/096ab8dde05ee5a53cd1980a8ed5e9a81843b97d2cf597fbdabde7663842ff8e 200
[debug] [2023-09-26T22:54:21.286Z] <<< [apiv2][body] POST https://upload-firebasehosting.googleapis.com/upload/sites/hubert-blog/versions/cda271867d127275/files/096ab8dde05ee5a53cd1980a8ed5e9a81843b97d2cf597fbdabde7663842ff8e [stream]
[debug] [2023-09-26T22:54:21.287Z] <<< [apiv2][status] POST https://upload-firebasehosting.googleapis.com/upload/sites/hubert-blog/versions/cda271867d127275/files/4b6ec61dc841464abfcddeeea3156787659315e2de678b754577a1ce5a83cbb1 200
[debug] [2023-09-26T22:54:21.287Z] <<< [apiv2][body] POST https://upload-firebasehosting.googleapis.com/upload/sites/hubert-blog/versions/cda271867d127275/files/4b6ec61dc841464abfcddeeea3156787659315e2de678b754577a1ce5a83cbb1 [stream]
[debug] [2023-09-26T22:54:21.287Z] <<< [apiv2][status] POST https://upload-firebasehosting.googleapis.com/upload/sites/hubert-blog/versions/cda271867d127275/files/b48f43760f4348f84463220d8f742ff6b2c744cb3f9026b4f4e41a09ea73cdc0 200
[debug] [2023-09-26T22:54:21.288Z] <<< [apiv2][body] POST https://upload-firebasehosting.googleapis.com/upload/sites/hubert-blog/versions/cda271867d127275/files/b48f43760f4348f84463220d8f742ff6b2c744cb3f9026b4f4e41a09ea73cdc0 [stream]
[debug] [2023-09-26T22:54:21.289Z] <<< [apiv2][status] POST https://upload-firebasehosting.googleapis.com/upload/sites/hubert-blog/versions/cda271867d127275/files/ab048a66d8fac0556c8d15934c21c973399c6d36cf79cbaeac16b190b9f8c6dd 200
[debug] [2023-09-26T22:54:21.289Z] <<< [apiv2][body] POST https://upload-firebasehosting.googleapis.com/upload/sites/hubert-blog/versions/cda271867d127275/files/ab048a66d8fac0556c8d15934c21c973399c6d36cf79cbaeac16b190b9f8c6dd [stream]
[debug] [2023-09-26T22:54:21.289Z] <<< [apiv2][status] POST https://upload-firebasehosting.googleapis.com/upload/sites/hubert-blog/versions/cda271867d127275/files/37c9a77d69a2ef78a2cd24d9d93d4a65d932fe337064399b688a29613eca2542 200
[debug] [2023-09-26T22:54:21.290Z] <<< [apiv2][body] POST https://upload-firebasehosting.googleapis.com/upload/sites/hubert-blog/versions/cda271867d127275/files/37c9a77d69a2ef78a2cd24d9d93d4a65d932fe337064399b688a29613eca2542 [stream]
[debug] [2023-09-26T22:54:21.290Z] <<< [apiv2][status] POST https://upload-firebasehosting.googleapis.com/upload/sites/hubert-blog/versions/cda271867d127275/files/900394e078ee98e686543dc7bd2fc180722f278aa788a5c58645f71e57479e79 200
[debug] [2023-09-26T22:54:21.290Z] <<< [apiv2][body] POST https://upload-firebasehosting.googleapis.com/upload/sites/hubert-blog/versions/cda271867d127275/files/900394e078ee98e686543dc7bd2fc180722f278aa788a5c58645f71e57479e79 [stream]
[debug] [2023-09-26T22:54:21.291Z] <<< [apiv2][status] POST https://upload-firebasehosting.googleapis.com/upload/sites/hubert-blog/versions/cda271867d127275/files/e861d97659958d76aeaf3a9b791813bfd0c53dfd1a174f8b7cefce4f86069de1 200
[debug] [2023-09-26T22:54:21.291Z] <<< [apiv2][body] POST https://upload-firebasehosting.googleapis.com/upload/sites/hubert-blog/versions/cda271867d127275/files/e861d97659958d76aeaf3a9b791813bfd0c53dfd1a174f8b7cefce4f86069de1 [stream]
[debug] [2023-09-26T22:54:21.291Z] <<< [apiv2][status] POST https://upload-firebasehosting.googleapis.com/upload/sites/hubert-blog/versions/cda271867d127275/files/d12a3a66e2680cabf4a668ff67de63a413adcdd8c04a6d071967665704ef80e2 200
[debug] [2023-09-26T22:54:21.291Z] <<< [apiv2][body] POST https://upload-firebasehosting.googleapis.com/upload/sites/hubert-blog/versions/cda271867d127275/files/d12a3a66e2680cabf4a668ff67de63a413adcdd8c04a6d071967665704ef80e2 [stream]
[debug] [2023-09-26T22:54:21.292Z] <<< [apiv2][status] POST https://upload-firebasehosting.googleapis.com/upload/sites/hubert-blog/versions/cda271867d127275/files/698373d7e99fdd4f81fb0edced4cb6496559cc163570bb1a4a1feb04db8d03f3 200
[debug] [2023-09-26T22:54:21.292Z] <<< [apiv2][body] POST https://upload-firebasehosting.googleapis.com/upload/sites/hubert-blog/versions/cda271867d127275/files/698373d7e99fdd4f81fb0edced4cb6496559cc163570bb1a4a1feb04db8d03f3 [stream]
[debug] [2023-09-26T22:54:21.293Z] <<< [apiv2][status] POST https://upload-firebasehosting.googleapis.com/upload/sites/hubert-blog/versions/cda271867d127275/files/158124a2c729358582bc23b7accdc23b188e65937b38cc8b65618290d62cd7a0 200
[debug] [2023-09-26T22:54:21.293Z] <<< [apiv2][body] POST https://upload-firebasehosting.googleapis.com/upload/sites/hubert-blog/versions/cda271867d127275/files/158124a2c729358582bc23b7accdc23b188e65937b38cc8b65618290d62cd7a0 [stream]
[debug] [2023-09-26T22:54:21.897Z] <<< [apiv2][status] POST https://upload-firebasehosting.googleapis.com/upload/sites/hubert-blog/versions/cda271867d127275/files/0ddc63dd582e0b3a6bbd4fe6b4d775643919ea6924666400ec06117df8e678f1 200
[debug] [2023-09-26T22:54:21.898Z] <<< [apiv2][body] POST https://upload-firebasehosting.googleapis.com/upload/sites/hubert-blog/versions/cda271867d127275/files/0ddc63dd582e0b3a6bbd4fe6b4d775643919ea6924666400ec06117df8e678f1 [stream]
[debug] [2023-09-26T22:54:21.898Z] [hosting][upload queue][FINAL] {"max":1610,"min":996,"avg":1039.0625,"active":0,"complete":16,"success":16,"errored":0,"retried":0,"total":16,"elapsed":1613}
[info] ✔  hosting[hubert-blog]: file upload complete 
[debug] [2023-09-26T22:54:21.899Z] [hosting] deploy completed after 7240ms
[debug] [2023-09-26T22:54:21.900Z] [
  {
    "config": {
      "public": "dist/frontend",
      "ignore": [
        "firebase.json",
        "**/.*",
        "**/node_modules/**"
      ],
      "rewrites": [
        {
          "source": "**",
          "destination": "/index.html"
        }
      ],
      "site": "hubert-blog"
    },
    "version": "projects/484657131599/sites/hubert-blog/versions/cda271867d127275"
  }
]
[info] i  hosting[hubert-blog]: finalizing version... 
[debug] [2023-09-26T22:54:21.903Z] >>> [apiv2][query] PATCH https://firebasehosting.googleapis.com/v1beta1/projects/-/sites/hubert-blog/versions/cda271867d127275 updateMask=status%2Cconfig
[debug] [2023-09-26T22:54:21.903Z] >>> [apiv2][body] PATCH https://firebasehosting.googleapis.com/v1beta1/projects/-/sites/hubert-blog/versions/cda271867d127275 {"status":"FINALIZED","config":{"rewrites":[{"glob":"**","path":"/index.html"}]}}
[debug] [2023-09-26T22:54:25.589Z] <<< [apiv2][status] PATCH https://firebasehosting.googleapis.com/v1beta1/projects/-/sites/hubert-blog/versions/cda271867d127275 200
[debug] [2023-09-26T22:54:25.589Z] <<< [apiv2][body] PATCH https://firebasehosting.googleapis.com/v1beta1/projects/-/sites/hubert-blog/versions/cda271867d127275 {"name":"projects/484657131599/sites/hubert-blog/versions/cda271867d127275","status":"FINALIZED","config":{"rewrites":[{"glob":"**","path":"/index.html"}]},"labels":{"deployment-tool":"cli-firebase"},"createTime":"2023-09-26T22:54:04.853726Z","createUser":{"email":"Hunt.YuYH@gmail.com"},"finalizeTime":"2023-09-26T22:54:25.518273Z","finalizeUser":{"email":"Hunt.YuYH@gmail.com"}}
[debug] [2023-09-26T22:54:25.589Z] [hosting] finalized version for hubert-blog:[object Object]
[info] ✔  hosting[hubert-blog]: version finalized 
[info] i  hosting[hubert-blog]: releasing new version... 
[debug] [2023-09-26T22:54:25.591Z] >>> [apiv2][query] POST https://firebasehosting.googleapis.com/v1beta1/projects/-/sites/hubert-blog/channels/live/releases versionName=projects%2F484657131599%2Fsites%2Fhubert-blog%2Fversions%2Fcda271867d127275
[debug] [2023-09-26T22:54:25.592Z] >>> [apiv2][body] POST https://firebasehosting.googleapis.com/v1beta1/projects/-/sites/hubert-blog/channels/live/releases {}
[debug] [2023-09-26T22:54:26.211Z] <<< [apiv2][status] POST https://firebasehosting.googleapis.com/v1beta1/projects/-/sites/hubert-blog/channels/live/releases 200
[debug] [2023-09-26T22:54:26.211Z] <<< [apiv2][body] POST https://firebasehosting.googleapis.com/v1beta1/projects/-/sites/hubert-blog/channels/live/releases {"name":"projects/484657131599/sites/hubert-blog/channels/live/releases/1695768865307000","version":{"name":"projects/484657131599/sites/hubert-blog/versions/cda271867d127275","status":"FINALIZED","config":{"rewrites":[{"glob":"**","path":"/index.html"}]},"labels":{"deployment-tool":"cli-firebase"},"createTime":"2023-09-26T22:54:04.853726Z","createUser":{"email":"Hunt.YuYH@gmail.com","imageUrl":"https://lh3.googleusercontent.com/a/ACg8ocKsLIZbps39dD7ygQXoImPAFvdxnxOFLLX_p4z9Axzg=mo"},"finalizeTime":"2023-09-26T22:54:25.518273Z","finalizeUser":{"email":"Hunt.YuYH@gmail.com","imageUrl":"https://lh3.googleusercontent.com/a/ACg8ocKsLIZbps39dD7ygQXoImPAFvdxnxOFLLX_p4z9Axzg=mo"}},"type":"DEPLOY","releaseTime":"2023-09-26T22:54:25.307Z","releaseUser":{"email":"Hunt.YuYH@gmail.com","imageUrl":"https://lh3.googleusercontent.com/a/ACg8ocKsLIZbps39dD7ygQXoImPAFvdxnxOFLLX_p4z9Axzg=mo"}}
[debug] [2023-09-26T22:54:26.211Z] [hosting] release: {"name":"projects/484657131599/sites/hubert-blog/channels/live/releases/1695768865307000","version":{"name":"projects/484657131599/sites/hubert-blog/versions/cda271867d127275","status":"FINALIZED","config":{"rewrites":[{"glob":"**","path":"/index.html"}]},"labels":{"deployment-tool":"cli-firebase"},"createTime":"2023-09-26T22:54:04.853726Z","createUser":{"email":"Hunt.YuYH@gmail.com","imageUrl":"https://lh3.googleusercontent.com/a/ACg8ocKsLIZbps39dD7ygQXoImPAFvdxnxOFLLX_p4z9Axzg=mo"},"finalizeTime":"2023-09-26T22:54:25.518273Z","finalizeUser":{"email":"Hunt.YuYH@gmail.com","imageUrl":"https://lh3.googleusercontent.com/a/ACg8ocKsLIZbps39dD7ygQXoImPAFvdxnxOFLLX_p4z9Axzg=mo"}},"type":"DEPLOY","releaseTime":"2023-09-26T22:54:25.307Z","releaseUser":{"email":"Hunt.YuYH@gmail.com","imageUrl":"https://lh3.googleusercontent.com/a/ACg8ocKsLIZbps39dD7ygQXoImPAFvdxnxOFLLX_p4z9Axzg=mo"}}
[info] ✔  hosting[hubert-blog]: release complete 
[debug] [2023-09-26T23:11:31.602Z] ----------------------------------------------------------------------
[debug] [2023-09-26T23:11:31.604Z] Command:       /home/hubertyhyu/.nvm/versions/node/v16.14.2/bin/node /home/hubertyhyu/.nvm/versions/node/v16.14.2/bin/firebase deploy
[debug] [2023-09-26T23:11:31.605Z] CLI Version:   12.5.4
[debug] [2023-09-26T23:11:31.605Z] Platform:      linux
[debug] [2023-09-26T23:11:31.605Z] Node Version:  v16.14.2
[debug] [2023-09-26T23:11:31.607Z] Time:          Tue Sep 26 2023 19:11:31 GMT-0400 (Eastern Daylight Saving Time)
[debug] [2023-09-26T23:11:31.607Z] ----------------------------------------------------------------------
[debug] 
[debug] [2023-09-26T23:11:31.685Z] Object "" in "firebase.json" has unknown property: {"additionalProperty":"//firestore"}
[debug] [2023-09-26T23:11:31.690Z] > command requires scopes: ["email","openid","https://www.googleapis.com/auth/cloudplatformprojects.readonly","https://www.googleapis.com/auth/firebase","https://www.googleapis.com/auth/cloud-platform"]
[debug] [2023-09-26T23:11:31.690Z] > authorizing via signed-in user (hunt.yuyh@gmail.com)
[debug] [2023-09-26T23:11:31.691Z] [iam] checking project hubert-blog for permissions ["firebase.projects.get","firebasehosting.sites.update"]
[debug] [2023-09-26T23:11:31.693Z] >>> [apiv2][query] POST https://cloudresourcemanager.googleapis.com/v1/projects/hubert-blog:testIamPermissions [none]
[debug] [2023-09-26T23:11:31.693Z] >>> [apiv2][(partial)header] POST https://cloudresourcemanager.googleapis.com/v1/projects/hubert-blog:testIamPermissions x-goog-quota-user=projects/hubert-blog
[debug] [2023-09-26T23:11:31.693Z] >>> [apiv2][body] POST https://cloudresourcemanager.googleapis.com/v1/projects/hubert-blog:testIamPermissions {"permissions":["firebase.projects.get","firebasehosting.sites.update"]}
[debug] [2023-09-26T23:11:32.070Z] <<< [apiv2][status] POST https://cloudresourcemanager.googleapis.com/v1/projects/hubert-blog:testIamPermissions 200
[debug] [2023-09-26T23:11:32.070Z] <<< [apiv2][body] POST https://cloudresourcemanager.googleapis.com/v1/projects/hubert-blog:testIamPermissions {"permissions":["firebase.projects.get","firebasehosting.sites.update"]}
[debug] [2023-09-26T23:11:32.071Z] >>> [apiv2][query] GET https://firebase.googleapis.com/v1beta1/projects/hubert-blog [none]
[debug] [2023-09-26T23:11:32.411Z] <<< [apiv2][status] GET https://firebase.googleapis.com/v1beta1/projects/hubert-blog 200
[debug] [2023-09-26T23:11:32.412Z] <<< [apiv2][body] GET https://firebase.googleapis.com/v1beta1/projects/hubert-blog {"projectId":"hubert-blog","projectNumber":"484657131599","displayName":"hubert-blog","name":"projects/hubert-blog","resources":{"hostingSite":"hubert-blog","storageBucket":"hubert-blog.appspot.com","locationId":"us-central"},"state":"ACTIVE","etag":"1_69589344-ca03-4e79-8166-d40b2e60f008"}
[info] 
[info] === Deploying to 'hubert-blog'...
[info] 
[info] i  deploying hosting 
[debug] [2023-09-26T23:11:32.421Z] >>> [apiv2][query] POST https://firebasehosting.googleapis.com/v1beta1/projects/-/sites/hubert-blog/versions [none]
[debug] [2023-09-26T23:11:32.421Z] >>> [apiv2][body] POST https://firebasehosting.googleapis.com/v1beta1/projects/-/sites/hubert-blog/versions {"status":"CREATED","labels":{"deployment-tool":"cli-firebase"}}
[debug] [2023-09-26T23:11:33.104Z] <<< [apiv2][status] POST https://firebasehosting.googleapis.com/v1beta1/projects/-/sites/hubert-blog/versions 200
[debug] [2023-09-26T23:11:33.104Z] <<< [apiv2][body] POST https://firebasehosting.googleapis.com/v1beta1/projects/-/sites/hubert-blog/versions {"name":"projects/484657131599/sites/hubert-blog/versions/1da52f7ea58943ca","status":"CREATED","config":{},"labels":{"deployment-tool":"cli-firebase"}}
[info] i  hosting[hubert-blog]: beginning deploy... 
[info] i  hosting[hubert-blog]: found 19 files in dist/frontend 
[debug] [2023-09-26T23:11:33.116Z] [hosting] uploading with 200 concurrency
[debug] [2023-09-26T23:11:33.277Z] [hosting] hash cache [ZGlzdC9mcm9udGVuZA] stored for 19 files
[debug] [2023-09-26T23:11:33.278Z] [hosting][hash queue][FINAL] {"max":147,"min":21,"avg":34.68421052631579,"active":0,"complete":19,"success":19,"errored":0,"retried":0,"total":19,"elapsed":155}
[debug] [2023-09-26T23:11:33.278Z] >>> [apiv2][query] POST https://firebasehosting.googleapis.com/v1beta1/projects/484657131599/sites/hubert-blog/versions/1da52f7ea58943ca:populateFiles [none]
[debug] [2023-09-26T23:11:33.279Z] >>> [apiv2][body] POST https://firebasehosting.googleapis.com/v1beta1/projects/484657131599/sites/hubert-blog/versions/1da52f7ea58943ca:populateFiles {"files":{"/26.5bffc442b967cef1.js":"b48f43760f4348f84463220d8f742ff6b2c744cb3f9026b4f4e41a09ea73cdc0","/394.9519fcd7a69f48ae.js":"51925226874d49c6c81a7a7377caa94aa79463c6c15215101d584bd14dbb118e","/3rdpartylicenses.txt":"df373a18cc28274f66af25734b03d5c28073dff891d949fbef03b6d1ab04301d","/441.7954432b74eca505.js":"096ab8dde05ee5a53cd1980a8ed5e9a81843b97d2cf597fbdabde7663842ff8e","/391.ef3eb3c5829d6b9a.js":"27fbaa600afbfd10e8cfe506504ab030065a06658602f1b2257e93f7a2c56247","/529.8e1f4c824e68dd06.js":"f71734900bfca45b94266188e0ff4ef11535ec18585d7d99622c6230c5092b97","/587.9abd906bd9898c0a.js":"00600431ade72132a9c19cf5d3266f793e4c4eafd176262dbca756aca94ac812","/883.e024ac472578629d.js":"e861d97659958d76aeaf3a9b791813bfd0c53dfd1a174f8b7cefce4f86069de1","/800.0a5b0a1da7d9c46b.js":"5228efca6ca5f5de07e2011cbabc5e1cdd37d80e3bdea5f5daba6aa3880101be","/892.578109246c7cbd8e.js":"4b6ec61dc841464abfcddeeea3156787659315e2de678b754577a1ce5a83cbb1","/983.1985d8d4fd0bfbc4.js":"d12a3a66e2680cabf4a668ff67de63a413adcdd8c04a6d071967665704ef80e2","/common.e16e21d0d44b80a3.js":"698373d7e99fdd4f81fb0edced4cb6496559cc163570bb1a4a1feb04db8d03f3","/favicon.ico":"7ebd5852e2f04a8a559139b5d5824a5d94e933a554e9544c39632b9482576140","/index.html":"e6238db9d5a54f44924f5373df39c48e4094d023f383f280f8aebc76f7a7d173","/runtime.0093061e7c341149.js":"8b173aedbd30d1c142aebad33f2de0b7fd7da300420a8bf26e65ff14e3e86659","/polyfills.3d9d026e4a996014.js":"8604b26526c907d61d4b45cb7ef004c1b3b0c41761ccf8357b98d9774e034c05","/styles.c24882f679085730.css":"a4b32ca144f882c1227b94720b2bb7969fed965f217af8dcc812372cc00e5dfa","/quill.98b46a74e9abd46b.js":"37c9a77d69a2ef78a2cd24d9d93d4a65d932fe337064399b688a29613eca2542","/main.7ebf586ab396cd12.js":"ce6fc336c5c4f100e4656d142c5476cab2771e9130e4be2b830c7e892507dd28"}}
[debug] [2023-09-26T23:11:34.122Z] <<< [apiv2][status] POST https://firebasehosting.googleapis.com/v1beta1/projects/484657131599/sites/hubert-blog/versions/1da52f7ea58943ca:populateFiles 200
[debug] [2023-09-26T23:11:34.122Z] <<< [apiv2][body] POST https://firebasehosting.googleapis.com/v1beta1/projects/484657131599/sites/hubert-blog/versions/1da52f7ea58943ca:populateFiles {"uploadRequiredHashes":["df373a18cc28274f66af25734b03d5c28073dff891d949fbef03b6d1ab04301d","e6238db9d5a54f44924f5373df39c48e4094d023f383f280f8aebc76f7a7d173","8b173aedbd30d1c142aebad33f2de0b7fd7da300420a8bf26e65ff14e3e86659","ce6fc336c5c4f100e4656d142c5476cab2771e9130e4be2b830c7e892507dd28"],"uploadUrl":"https://upload-firebasehosting.googleapis.com/upload/sites/hubert-blog/versions/1da52f7ea58943ca/files"}
[debug] [2023-09-26T23:11:34.123Z] >>> [apiv2][query] POST https://upload-firebasehosting.googleapis.com/upload/sites/hubert-blog/versions/1da52f7ea58943ca/files/df373a18cc28274f66af25734b03d5c28073dff891d949fbef03b6d1ab04301d [none]
[debug] [2023-09-26T23:11:34.123Z] >>> [apiv2][body] POST https://upload-firebasehosting.googleapis.com/upload/sites/hubert-blog/versions/1da52f7ea58943ca/files/df373a18cc28274f66af25734b03d5c28073dff891d949fbef03b6d1ab04301d [stream]
[debug] [2023-09-26T23:11:34.124Z] >>> [apiv2][query] POST https://upload-firebasehosting.googleapis.com/upload/sites/hubert-blog/versions/1da52f7ea58943ca/files/e6238db9d5a54f44924f5373df39c48e4094d023f383f280f8aebc76f7a7d173 [none]
[debug] [2023-09-26T23:11:34.124Z] >>> [apiv2][body] POST https://upload-firebasehosting.googleapis.com/upload/sites/hubert-blog/versions/1da52f7ea58943ca/files/e6238db9d5a54f44924f5373df39c48e4094d023f383f280f8aebc76f7a7d173 [stream]
[debug] [2023-09-26T23:11:34.125Z] >>> [apiv2][query] POST https://upload-firebasehosting.googleapis.com/upload/sites/hubert-blog/versions/1da52f7ea58943ca/files/8b173aedbd30d1c142aebad33f2de0b7fd7da300420a8bf26e65ff14e3e86659 [none]
[debug] [2023-09-26T23:11:34.125Z] >>> [apiv2][body] POST https://upload-firebasehosting.googleapis.com/upload/sites/hubert-blog/versions/1da52f7ea58943ca/files/8b173aedbd30d1c142aebad33f2de0b7fd7da300420a8bf26e65ff14e3e86659 [stream]
[debug] [2023-09-26T23:11:34.126Z] >>> [apiv2][query] POST https://upload-firebasehosting.googleapis.com/upload/sites/hubert-blog/versions/1da52f7ea58943ca/files/ce6fc336c5c4f100e4656d142c5476cab2771e9130e4be2b830c7e892507dd28 [none]
[debug] [2023-09-26T23:11:34.126Z] >>> [apiv2][body] POST https://upload-firebasehosting.googleapis.com/upload/sites/hubert-blog/versions/1da52f7ea58943ca/files/ce6fc336c5c4f100e4656d142c5476cab2771e9130e4be2b830c7e892507dd28 [stream]
[debug] [2023-09-26T23:11:34.127Z] [hosting][populate queue][FINAL] {"max":847,"min":847,"avg":847,"active":0,"complete":1,"success":1,"errored":0,"retried":0,"total":1,"elapsed":851}
[debug] [2023-09-26T23:11:34.127Z] [hosting] uploads queued: 4
